<?xml version="1.0" encoding="UTF-8"?>
<testng-results ignored="0" total="1" passed="1" failed="0" skipped="0">
  <reporter-output>
  </reporter-output>
  <suite started-at="2022-11-04T14:28:28 CET" name="Suite" finished-at="2022-11-04T14:28:58 CET" duration-ms="29798">
    <groups>
    </groups>
    <test started-at="2022-11-04T14:28:28 CET" name="Test" finished-at="2022-11-04T14:28:58 CET" duration-ms="29798">
      <class name="SwagLabs.LoginAndOrderCompleteTest">
        <test-method is-config="true" signature="setup()[pri:0, instance:SwagLabs.LoginAndOrderCompleteTest@4de4b452]" started-at="2022-11-04T14:28:28 CET" name="setup" finished-at="2022-11-04T14:28:31 CET" duration-ms="3428" status="PASS">
          <reporter-output>
          </reporter-output>
        </test-method> <!-- setup -->
        <test-method signature="endToEndTest()[pri:0, instance:SwagLabs.LoginAndOrderCompleteTest@4de4b452]" started-at="2022-11-04T14:28:31 CET" name="endToEndTest" finished-at="2022-11-04T14:28:57 CET" duration-ms="25933" status="PASS">
          <reporter-output>
          </reporter-output>
        </test-method> <!-- endToEndTest -->
        <test-method is-config="true" signature="tearDown()[pri:0, instance:SwagLabs.LoginAndOrderCompleteTest@4de4b452]" started-at="2022-11-04T14:28:57 CET" name="tearDown" finished-at="2022-11-04T14:28:58 CET" duration-ms="371" status="PASS">
          <reporter-output>
          </reporter-output>
        </test-method> <!-- tearDown -->
      </class> <!-- SwagLabs.LoginAndOrderCompleteTest -->
    </test> <!-- Test -->
  </suite> <!-- Suite -->
</testng-results>
